
Welcome to React Native v0.84
Starting dev server on http://localhost:8081

node.exe : [31m[1mer
ror[22m[39m 
[0mlisten 
EADDRINUSE: address 
already in use 
:::8081.[0m
At line:1 char:1
+ & "C:\Program Files\
nodejs/node.exe" "C:\U
sers\nisha\AppData\Roa
ming\ ...
+ ~~~~~~~~~~~~~~~~~~~~
~~~~~~~~~~~~~~~~~~~~~~
~~~~~~~~~~~~~~~~~~~~~~
~~~~~
    + CategoryInfo    
          : NotSpeci  
  fied: ([31m[1me   
 rror...se :::808    
1.[0m:String) []    
, RemoteException
    + FullyQualifiedE 
   rrorId : NativeCo  
  mmandError
 
[0mError: listen EADDRINUSE: address already in use :::8081
    at Server.setupListenHandle [as _listen2] (node:net:1940:16)
    at listenInCluster (node:net:1997:12)
    at Server.listen (node:net:2102:7)
    at D:\Hackathon Project\sentinelx\mobile\react-native-mapbox-app\node_modules\metro\src\index.flow.js:455:14
    at new Promise (<anonymous>)
    at earlyPortCheck (D:\Hackathon Project\sentinelx\mobile\react-native-mapbox-app\node_modules\metro\src\index.flow.js:451:11)
    at Object.runServer (D:\Hackathon Project\sentinelx\mobile\react-native-mapbox-app\node_modules\metro\src\index.flow.js:201:9)
    at Object.runServer [as func] (D:\Hackathon Project\sentinelx\mobile\react-native-mapbox-app\node_modules\@react-native\community-cli-plugin\dist\commands\start\runServer.js:147:24)
    at process.processTicksAndRejections (node:internal/process/task_queues:103:5)
    at async Command.handleAction (D:\Hackathon Project\sentinelx\mobile\react-native-mapbox-app\node_modules\@react-native-community\cli\build\index.js:139:9)[0m
